<?xml version="1.0" encoding="UTF-8"?>
<testng-results ignored="0" total="2" passed="2" failed="0" skipped="0">
  <reporter-output>
  </reporter-output>
  <suite started-at="2024-02-24T13:27:34 IST" name="Suite" finished-at="2024-02-24T13:27:58 IST" duration-ms="24080">
    <groups>
      <group name="regression">
        <method signature="TC_001_AccountRegistrationTest.verify_account_registration()[pri:0, instance:testCases.TC_001_AccountRegistrationTest@45815ffc]" name="verify_account_registration" class="testCases.TC_001_AccountRegistrationTest"/>
        <method signature="TC_002_LoginTest.verify_login()[pri:0, instance:testCases.TC_002_LoginTest@64ba3208]" name="verify_login" class="testCases.TC_002_LoginTest"/>
      </group> <!-- regression -->
      <group name="sanity">
        <method signature="TC_001_AccountRegistrationTest.verify_account_registration()[pri:0, instance:testCases.TC_001_AccountRegistrationTest@45815ffc]" name="verify_account_registration" class="testCases.TC_001_AccountRegistrationTest"/>
        <method signature="TC_002_LoginTest.verify_login()[pri:0, instance:testCases.TC_002_LoginTest@64ba3208]" name="verify_login" class="testCases.TC_002_LoginTest"/>
      </group> <!-- sanity -->
      <group name="master">
        <method signature="TC_002_LoginTest.verify_login()[pri:0, instance:testCases.TC_002_LoginTest@64ba3208]" name="verify_login" class="testCases.TC_002_LoginTest"/>
      </group> <!-- master -->
    </groups>
    <test started-at="2024-02-24T13:27:34 IST" name="Test" finished-at="2024-02-24T13:27:58 IST" duration-ms="24080">
      <class name="testCases.TC_001_AccountRegistrationTest">
        <test-method is-config="true" signature="setup(java.lang.String,java.lang.String)[pri:0, instance:testCases.TC_001_AccountRegistrationTest@45815ffc]" started-at="2024-02-24T13:27:35 IST" name="setup" finished-at="2024-02-24T13:27:43 IST" duration-ms="8385" status="PASS">
          <params>
            <param index="0">
              <value>
                <![CDATA[Windows]]>
              </value>
            </param>
            <param index="1">
              <value>
                <![CDATA[chrome]]>
              </value>
            </param>
          </params>
          <reporter-output>
          </reporter-output>
        </test-method> <!-- setup -->
        <test-method signature="verify_account_registration()[pri:0, instance:testCases.TC_001_AccountRegistrationTest@45815ffc]" started-at="2024-02-24T13:27:43 IST" name="verify_account_registration" finished-at="2024-02-24T13:27:48 IST" duration-ms="4983" status="PASS">
          <reporter-output>
          </reporter-output>
        </test-method> <!-- verify_account_registration -->
        <test-method is-config="true" signature="tearDown()[pri:0, instance:testCases.TC_001_AccountRegistrationTest@45815ffc]" started-at="2024-02-24T13:27:48 IST" name="tearDown" finished-at="2024-02-24T13:27:49 IST" duration-ms="715" status="PASS">
          <reporter-output>
          </reporter-output>
        </test-method> <!-- tearDown -->
      </class> <!-- testCases.TC_001_AccountRegistrationTest -->
      <class name="testCases.TC_002_LoginTest">
        <test-method is-config="true" signature="setup(java.lang.String,java.lang.String)[pri:0, instance:testCases.TC_002_LoginTest@64ba3208]" started-at="2024-02-24T13:27:49 IST" name="setup" finished-at="2024-02-24T13:27:54 IST" duration-ms="5706" status="PASS">
          <params>
            <param index="0">
              <value>
                <![CDATA[Windows]]>
              </value>
            </param>
            <param index="1">
              <value>
                <![CDATA[chrome]]>
              </value>
            </param>
          </params>
          <reporter-output>
          </reporter-output>
        </test-method> <!-- setup -->
        <test-method signature="verify_login()[pri:0, instance:testCases.TC_002_LoginTest@64ba3208]" started-at="2024-02-24T13:27:54 IST" name="verify_login" finished-at="2024-02-24T13:27:58 IST" duration-ms="3328" status="PASS">
          <reporter-output>
          </reporter-output>
        </test-method> <!-- verify_login -->
        <test-method is-config="true" signature="tearDown()[pri:0, instance:testCases.TC_002_LoginTest@64ba3208]" started-at="2024-02-24T13:27:58 IST" name="tearDown" finished-at="2024-02-24T13:27:58 IST" duration-ms="521" status="PASS">
          <reporter-output>
          </reporter-output>
        </test-method> <!-- tearDown -->
      </class> <!-- testCases.TC_002_LoginTest -->
    </test> <!-- Test -->
  </suite> <!-- Suite -->
</testng-results>
